<?xml version="1.0" encoding="UTF-8"?>
<!-- Generated by org.testng.reporters.JUnitReportReporter -->
<testsuite hostname="MD" failures="0" tests="1" name="seleniumBasics.TestNGAnnotations" time="0.006" errors="0" timestamp="2025-09-24T15:23:27 BST" skipped="0">
  <testcase classname="seleniumBasics.TestNGAnnotations" name="sampleTest" time="0.006"/>
</testsuite> <!-- seleniumBasics.TestNGAnnotations -->
