<?xml version="1.0" encoding="UTF-8"?>
<!-- Generated by org.testng.reporters.JUnitReportReporter -->
<testsuite hostname="MD" failures="0" tests="1" name="testScripts.LoginTest" time="2.524" errors="0" timestamp="2025-09-29T16:33:38 BST" skipped="0">
  <testcase classname="testScripts.LoginTest" name="verifyLoginWithInvalidCredentials" time="2.524"/>
</testsuite> <!-- testScripts.LoginTest -->
