<?xml version="1.0" encoding="UTF-8"?>
<!-- Generated by org.testng.reporters.JUnitReportReporter -->
<testsuite hostname="MD" failures="0" tests="1" name="testScripts.LoginTest" time="2.329" errors="0" timestamp="2025-09-26T13:26:47 BST" skipped="0">
  <testcase classname="testScripts.LoginTest" name="verifyLoginInvalidUserNameValidPassword" time="2.329"/>
</testsuite> <!-- testScripts.LoginTest -->
