<?xml version="1.0" encoding="UTF-8"?>
<!-- Generated by org.testng.reporters.JUnitReportReporter -->
<testsuite hostname="MD" failures="0" tests="1" name="testScripts.LoginTest" time="4.676" errors="0" timestamp="2025-09-26T16:30:31 BST" skipped="0">
  <testcase classname="testScripts.LoginTest" name="verifyLoginWithValidCredentials" time="4.676"/>
</testsuite> <!-- testScripts.LoginTest -->
